INFO [2021-06-14 19:48:39] $x
INFO [2021-06-14 19:48:39] list(set1, set2)
INFO [2021-06-14 19:48:39] 
INFO [2021-06-14 19:48:39] $category.names
INFO [2021-06-14 19:48:39] c("56 v control", "56 v 3")
INFO [2021-06-14 19:48:39] 
INFO [2021-06-14 19:48:39] $filename
INFO [2021-06-14 19:48:39] [1] "venn_diagram/Venn.tiff"
INFO [2021-06-14 19:48:39] 
INFO [2021-06-14 19:48:39] $imagetype
INFO [2021-06-14 19:48:39] [1] "tiff"
INFO [2021-06-14 19:48:39] 
INFO [2021-06-14 19:48:39] $resolution
INFO [2021-06-14 19:48:39] [1] 110
INFO [2021-06-14 19:48:39] 
INFO [2021-06-14 19:48:39] $compression
INFO [2021-06-14 19:48:39] [1] "lzw"
INFO [2021-06-14 19:48:39] 
INFO [2021-06-14 19:48:39] $cex
INFO [2021-06-14 19:48:39] [1] 8
INFO [2021-06-14 19:48:39] 
INFO [2021-06-14 19:48:39] $cat.cex
INFO [2021-06-14 19:48:39] [1] 8
INFO [2021-06-14 19:48:39] 
INFO [2021-06-14 19:48:39] $fill
INFO [2021-06-14 19:48:39] c("#F0027F", "#386CB0")
INFO [2021-06-14 19:48:39] 
INFO [2021-06-14 19:48:39] $cat.pos
INFO [2021-06-14 19:48:39] c(-50, 60)
INFO [2021-06-14 19:48:39] 
INFO [2021-06-14 19:48:39] $cat.default.pos
INFO [2021-06-14 19:48:39] [1] "outer"
INFO [2021-06-14 19:48:39] 
INFO [2021-06-14 19:48:39] $cat.dist
INFO [2021-06-14 19:48:39] c(5e-06, 0.008)
INFO [2021-06-14 19:48:39] 
