INFO [2020-09-29 15:41:56] $x
INFO [2020-09-29 15:41:56] list(set1, set2)
INFO [2020-09-29 15:41:56] 
INFO [2020-09-29 15:41:56] $category.names
INFO [2020-09-29 15:41:56] c("LT-Control", "LT-ST")
INFO [2020-09-29 15:41:56] 
INFO [2020-09-29 15:41:56] $filename
INFO [2020-09-29 15:41:56] [1] "venn_diagram/Venn.tiff"
INFO [2020-09-29 15:41:56] 
INFO [2020-09-29 15:41:56] $imagetype
INFO [2020-09-29 15:41:56] [1] "tiff"
INFO [2020-09-29 15:41:56] 
INFO [2020-09-29 15:41:56] $resolution
INFO [2020-09-29 15:41:56] [1] 100
INFO [2020-09-29 15:41:56] 
INFO [2020-09-29 15:41:56] $compression
INFO [2020-09-29 15:41:56] [1] "lzw"
INFO [2020-09-29 15:41:56] 
INFO [2020-09-29 15:41:56] $cex
INFO [2020-09-29 15:41:56] [1] 8
INFO [2020-09-29 15:41:56] 
INFO [2020-09-29 15:41:56] $cat.cex
INFO [2020-09-29 15:41:56] [1] 8
INFO [2020-09-29 15:41:56] 
INFO [2020-09-29 15:41:56] $fill
INFO [2020-09-29 15:41:56] c("#F0027F", "#386CB0")
INFO [2020-09-29 15:41:56] 
INFO [2020-09-29 15:41:56] $cat.pos
INFO [2020-09-29 15:41:56] c(-50, 60)
INFO [2020-09-29 15:41:56] 
INFO [2020-09-29 15:41:56] $cat.default.pos
INFO [2020-09-29 15:41:56] [1] "outer"
INFO [2020-09-29 15:41:56] 
INFO [2020-09-29 15:41:56] $cat.dist
INFO [2020-09-29 15:41:56] c(0.005, 0.005)
INFO [2020-09-29 15:41:56] 
