INFO [2020-10-14 14:27:53] $x
INFO [2020-10-14 14:27:53] list(set1, set2)
INFO [2020-10-14 14:27:53] 
INFO [2020-10-14 14:27:53] $category.names
INFO [2020-10-14 14:27:53] c("56 v control", "56 v 3")
INFO [2020-10-14 14:27:53] 
INFO [2020-10-14 14:27:53] $filename
INFO [2020-10-14 14:27:53] [1] "venn_diagram/Venn.tiff"
INFO [2020-10-14 14:27:53] 
INFO [2020-10-14 14:27:53] $imagetype
INFO [2020-10-14 14:27:53] [1] "tiff"
INFO [2020-10-14 14:27:53] 
INFO [2020-10-14 14:27:53] $resolution
INFO [2020-10-14 14:27:53] [1] 110
INFO [2020-10-14 14:27:53] 
INFO [2020-10-14 14:27:53] $compression
INFO [2020-10-14 14:27:53] [1] "lzw"
INFO [2020-10-14 14:27:53] 
INFO [2020-10-14 14:27:53] $cex
INFO [2020-10-14 14:27:53] [1] 8
INFO [2020-10-14 14:27:53] 
INFO [2020-10-14 14:27:53] $cat.cex
INFO [2020-10-14 14:27:53] [1] 8
INFO [2020-10-14 14:27:53] 
INFO [2020-10-14 14:27:53] $fill
INFO [2020-10-14 14:27:53] c("#F0027F", "#386CB0")
INFO [2020-10-14 14:27:53] 
INFO [2020-10-14 14:27:53] $cat.pos
INFO [2020-10-14 14:27:53] c(-50, 60)
INFO [2020-10-14 14:27:53] 
INFO [2020-10-14 14:27:53] $cat.default.pos
INFO [2020-10-14 14:27:53] [1] "outer"
INFO [2020-10-14 14:27:53] 
INFO [2020-10-14 14:27:53] $cat.dist
INFO [2020-10-14 14:27:53] c(5e-06, 0.008)
INFO [2020-10-14 14:27:53] 
